<?xml version="1.0" encoding="utf-8"?><testsuites name="pytest tests"><testsuite name="pytest" errors="0" failures="0" skipped="0" tests="22" time="3.344" timestamp="2026-06-05T16:04:59.644340+00:00" hostname="agent-env-9fa474d9-9bdf-45b5-be32-8371451c0135"><testcase classname="backend.tests.test_iteration3.TestHero" name="test_get_hero_public" time="0.270" /><testcase classname="backend.tests.test_iteration3.TestHero" name="test_put_hero_blocked_buyer" time="0.369" /><testcase classname="backend.tests.test_iteration3.TestHero" name="test_put_hero_blocked_seller" time="0.335" /><testcase classname="backend.tests.test_iteration3.TestHero" name="test_put_hero_admin_updates_and_persists" time="0.379" /><testcase classname="backend.tests.test_iteration3.TestProjects" name="test_list_all" time="0.055" /><testcase classname="backend.tests.test_iteration3.TestProjects" name="test_filter_new" time="0.053" /><testcase classname="backend.tests.test_iteration3.TestProjects" name="test_filter_active" time="0.050" /><testcase classname="backend.tests.test_iteration3.TestProjects" name="test_filter_sector_commercial" time="0.054" /><testcase classname="backend.tests.test_iteration3.TestProjects" name="test_get_unknown_404" time="0.058" /><testcase classname="backend.tests.test_iteration3.TestProjects" name="test_get_one" time="0.105" /><testcase classname="backend.tests.test_iteration3.TestProjects" name="test_create_blocked_buyer" time="0.050" /><testcase classname="backend.tests.test_iteration3.TestProjects" name="test_create_blocked_seller" time="0.053" /><testcase classname="backend.tests.test_iteration3.TestProjects" name="test_admin_crud_full" time="0.348" /><testcase classname="backend.tests.test_iteration3.TestConstructionEnquiry" name="test_create_anonymous" time="0.112" /><testcase classname="backend.tests.test_iteration3.TestConstructionEnquiry" name="test_missing_required_fields" time="0.047" /><testcase classname="backend.tests.test_iteration3.TestValuation" name="test_create_valuation" time="0.110" /><testcase classname="backend.tests.test_iteration3.TestValuation" name="test_missing_fields" time="0.048" /><testcase classname="backend.tests.test_iteration3.TestNotifications" name="test_requires_auth" time="0.047" /><testcase classname="backend.tests.test_iteration3.TestNotifications" name="test_list_empty_or_array" time="0.049" /><testcase classname="backend.tests.test_iteration3.TestNotifications" name="test_mark_all_read" time="0.057" /><testcase classname="backend.tests.test_iteration3.TestAdminVerifyNotificationIntegration" name="test_seller_notified_on_verify" time="0.281" /><testcase classname="backend.tests.test_iteration3.TestEnquiryNotifies" name="test_seller_notified_on_enquiry" time="0.264" /></testsuite></testsuites>