<?xml version="1.0" encoding="utf-8"?><testsuites name="pytest tests"><testsuite name="pytest" errors="0" failures="1" skipped="0" tests="30" time="13.117" timestamp="2026-06-05T10:23:12.824947+00:00" hostname="agent-env-9fa474d9-9bdf-45b5-be32-8371451c0135"><testcase classname="backend.tests.backend_test.TestAuth" name="test_register_buyer" time="0.612"><failure message="AssertionError: assert 'test_buyer_7...f@example.com' == 'TEST_buyer_7...f@example.com'&#10;  &#10;  - TEST_buyer_7741490f@example.com&#10;  ? ^^^^&#10;  + test_buyer_7741490f@example.com&#10;  ? ^^^^">backend/tests/backend_test.py:75: in test_register_buyer
    assert d["user"]["email"] == email
E   AssertionError: assert 'test_buyer_7...f@example.com' == 'TEST_buyer_7...f@example.com'
E     
E     - TEST_buyer_7741490f@example.com
E     ? ^^^^
E     + test_buyer_7741490f@example.com
E     ? ^^^^</failure></testcase><testcase classname="backend.tests.backend_test.TestAuth" name="test_register_seller" time="0.279" /><testcase classname="backend.tests.backend_test.TestAuth" name="test_register_admin_rejected" time="0.048" /><testcase classname="backend.tests.backend_test.TestAuth" name="test_login_admin" time="0.276" /><testcase classname="backend.tests.backend_test.TestAuth" name="test_login_seller" time="0.272" /><testcase classname="backend.tests.backend_test.TestAuth" name="test_login_buyer" time="0.268" /><testcase classname="backend.tests.backend_test.TestAuth" name="test_login_bad_password" time="0.270" /><testcase classname="backend.tests.backend_test.TestAuth" name="test_me" time="0.315" /><testcase classname="backend.tests.backend_test.TestAuth" name="test_refresh_token" time="0.047" /><testcase classname="backend.tests.backend_test.TestPublicProperties" name="test_list" time="0.049" /><testcase classname="backend.tests.backend_test.TestPublicProperties" name="test_list_filters" time="0.053" /><testcase classname="backend.tests.backend_test.TestPublicProperties" name="test_featured" time="0.047" /><testcase classname="backend.tests.backend_test.TestPublicProperties" name="test_detail_and_404" time="0.148" /><testcase classname="backend.tests.backend_test.TestSeller" name="test_create_listing" time="0.329" /><testcase classname="backend.tests.backend_test.TestSeller" name="test_list_my_listings" time="0.045" /><testcase classname="backend.tests.backend_test.TestSeller" name="test_update_listing" time="0.090" /><testcase classname="backend.tests.backend_test.TestSeller" name="test_buyer_cannot_create" time="0.050" /><testcase classname="backend.tests.backend_test.TestAdmin" name="test_buyer_blocked" time="0.046" /><testcase classname="backend.tests.backend_test.TestAdmin" name="test_seller_blocked" time="0.047" /><testcase classname="backend.tests.backend_test.TestAdmin" name="test_stats" time="0.320" /><testcase classname="backend.tests.backend_test.TestAdmin" name="test_pending_queue" time="0.046" /><testcase classname="backend.tests.backend_test.TestAdmin" name="test_verify" time="0.093" /><testcase classname="backend.tests.backend_test.TestAdmin" name="test_reject_flow" time="0.136" /><testcase classname="backend.tests.backend_test.TestEnquiries" name="test_create_anonymous" time="0.203" /><testcase classname="backend.tests.backend_test.TestEnquiries" name="test_create_unknown_404" time="0.044" /><testcase classname="backend.tests.backend_test.TestServices" name="test_create_and_my" time="0.119" /><testcase classname="backend.tests.backend_test.TestServices" name="test_my_requires_auth" time="0.046" /><testcase classname="backend.tests.backend_test.TestSaved" name="test_save_unsave_flow" time="0.232" /><testcase classname="backend.tests.backend_test.TestAI" name="test_smart_search" time="3.797" /><testcase classname="backend.tests.backend_test.TestAI" name="test_listing_assistant" time="4.530" /></testsuite></testsuites>